# JRE version: Java(TM) SE Runtime Environment (8.0_231-b11) (build 1.8.0_231-b11)
# Java VM: Java HotSpot(TM) 64-Bit Server VM (25.231-b11 mixed mode windows-amd64 compressed oops)
Heap:
 PSYoungGen      total 245248K, used 233984K [0x00000000ed580000, 0x0000000100000000, 0x0000000100000000)
  eden space 233984K, 100% used [0x00000000ed580000,0x00000000fba00000,0x00000000fba00000)
  from space 11264K, 0% used [0x00000000fba00000,0x00000000fba00000,0x00000000fc500000)
  to   space 10752K, 0% used [0x00000000ff580000,0x00000000ff580000,0x0000000100000000)
 ParOldGen       total 46592K, used 13531K [0x00000000c8000000, 0x00000000cad80000, 0x00000000ed580000)
  object space 46592K, 29% used [0x00000000c8000000,0x00000000c8d36eb8,0x00000000cad80000)
 Metaspace       used 48956K, capacity 49480K, committed 49920K, reserved 1093632K
  class space    used 5365K, capacity 5514K, committed 5632K, reserved 1048576K
GC Heap History (10 events):
Event: 9.466 GC heap before
{Heap before GC invocations=7 (full 0):
 PSYoungGen      total 128512K, used 14913K [0x00000000ed580000, 0x00000000f5e80000, 0x0000000100000000)
  eden space 118272K, 6% used [0x00000000ed580000,0x00000000edcbd2f8,0x00000000f4900000)
  from space 10240K, 73% used [0x00000000f5380000,0x00000000f5ad34b0,0x00000000f5d80000)
  to   space 10752K, 0% used [0x00000000f4900000,0x00000000f4900000,0x00000000f5380000)
 ParOldGen       total 38400K, used 16631K [0x00000000c8000000, 0x00000000ca580000, 0x00000000ed580000)
  object space 38400K, 43% used [0x00000000c8000000,0x00000000c903de58,0x00000000ca580000)
 Metaspace       used 20833K, capacity 21140K, committed 21296K, reserved 1069056K
  class space    used 2062K, capacity 2161K, committed 2176K, reserved 1048576K
Event: 9.486 GC heap after
Heap after GC invocations=7 (full 0):
 PSYoungGen      total 129024K, used 4166K [0x00000000ed580000, 0x00000000fd080000, 0x0000000100000000)
  eden space 118272K, 0% used [0x00000000ed580000,0x00000000ed580000,0x00000000f4900000)
  from space 10752K, 38% used [0x00000000f4900000,0x00000000f4d118f8,0x00000000f5380000)
  to   space 10240K, 0% used [0x00000000fc680000,0x00000000fc680000,0x00000000fd080000)
 ParOldGen       total 38400K, used 17090K [0x00000000c8000000, 0x00000000ca580000, 0x00000000ed580000)
  object space 38400K, 44% used [0x00000000c8000000,0x00000000c90b0858,0x00000000ca580000)
 Metaspace       used 20833K, capacity 21140K, committed 21296K, reserved 1069056K
  class space    used 2062K, capacity 2161K, committed 2176K, reserved 1048576K
}
Event: 9.486 GC heap before
{Heap before GC invocations=8 (full 1):
 PSYoungGen      total 129024K, used 4166K [0x00000000ed580000, 0x00000000fd080000, 0x0000000100000000)
  eden space 118272K, 0% used [0x00000000ed580000,0x00000000ed580000,0x00000000f4900000)
  from space 10752K, 38% used [0x00000000f4900000,0x00000000f4d118f8,0x00000000f5380000)
  to   space 10240K, 0% used [0x00000000fc680000,0x00000000fc680000,0x00000000fd080000)
 ParOldGen       total 38400K, used 17090K [0x00000000c8000000, 0x00000000ca580000, 0x00000000ed580000)
  object space 38400K, 44% used [0x00000000c8000000,0x00000000c90b0858,0x00000000ca580000)
 Metaspace       used 20833K, capacity 21140K, committed 21296K, reserved 1069056K
  class space    used 2062K, capacity 2161K, committed 2176K, reserved 1048576K
Event: 9.570 GC heap after
Heap after GC invocations=8 (full 1):
 PSYoungGen      total 129024K, used 0K [0x00000000ed580000, 0x00000000fd080000, 0x0000000100000000)
  eden space 118272K, 0% used [0x00000000ed580000,0x00000000ed580000,0x00000000f4900000)
  from space 10752K, 0% used [0x00000000f4900000,0x00000000f4900000,0x00000000f5380000)
  to   space 10240K, 0% used [0x00000000fc680000,0x00000000fc680000,0x00000000fd080000)
 ParOldGen       total 40960K, used 15381K [0x00000000c8000000, 0x00000000ca800000, 0x00000000ed580000)
  object space 40960K, 37% used [0x00000000c8000000,0x00000000c8f05718,0x00000000ca800000)
 Metaspace       used 20833K, capacity 21140K, committed 21296K, reserved 1069056K
  class space    used 2062K, capacity 2161K, committed 2176K, reserved 1048576K
}
Event: 13.068 GC heap before
{Heap before GC invocations=9 (full 1):
 PSYoungGen      total 129024K, used 118272K [0x00000000ed580000, 0x00000000fd080000, 0x0000000100000000)
  eden space 118272K, 100% used [0x00000000ed580000,0x00000000f4900000,0x00000000f4900000)
  from space 10752K, 0% used [0x00000000f4900000,0x00000000f4900000,0x00000000f5380000)
  to   space 10240K, 0% used [0x00000000fc680000,0x00000000fc680000,0x00000000fd080000)
 ParOldGen       total 40960K, used 15381K [0x00000000c8000000, 0x00000000ca800000, 0x00000000ed580000)
  object space 40960K, 37% used [0x00000000c8000000,0x00000000c8f05718,0x00000000ca800000)
 Metaspace       used 31358K, capacity 31768K, committed 32128K, reserved 1077248K
  class space    used 3482K, capacity 3589K, committed 3712K, reserved 1048576K
Event: 13.094 GC heap after
Heap after GC invocations=9 (full 1):
 PSYoungGen      total 217600K, used 9646K [0x00000000ed580000, 0x00000000fd000000, 0x0000000100000000)
  eden space 207872K, 0% used [0x00000000ed580000,0x00000000ed580000,0x00000000fa080000)
  from space 9728K, 99% used [0x00000000fc680000,0x00000000fcfebbd0,0x00000000fd000000)
  to   space 11264K, 0% used [0x00000000fba00000,0x00000000fba00000,0x00000000fc500000)
 ParOldGen       total 40960K, used 15389K [0x00000000c8000000, 0x00000000ca800000, 0x00000000ed580000)
  object space 40960K, 37% used [0x00000000c8000000,0x00000000c8f07718,0x00000000ca800000)
 Metaspace       used 31358K, capacity 31768K, committed 32128K, reserved 1077248K
  class space    used 3482K, capacity 3589K, committed 3712K, reserved 1048576K
}
Event: 14.185 GC heap before
{Heap before GC invocations=10 (full 1):
 PSYoungGen      total 217600K, used 45500K [0x00000000ed580000, 0x00000000fd000000, 0x0000000100000000)
  eden space 207872K, 17% used [0x00000000ed580000,0x00000000ef883570,0x00000000fa080000)
  from space 9728K, 99% used [0x00000000fc680000,0x00000000fcfebbd0,0x00000000fd000000)
  to   space 11264K, 0% used [0x00000000fba00000,0x00000000fba00000,0x00000000fc500000)
 ParOldGen       total 40960K, used 15389K [0x00000000c8000000, 0x00000000ca800000, 0x00000000ed580000)
  object space 40960K, 37% used [0x00000000c8000000,0x00000000c8f07718,0x00000000ca800000)
 Metaspace       used 34708K, capacity 35144K, committed 35496K, reserved 1081344K
  class space    used 3985K, capacity 4086K, committed 4096K, reserved 1048576K
Event: 14.210 GC heap after
Heap after GC invocations=10 (full 1):
 PSYoungGen      total 245248K, used 5610K [0x00000000ed580000, 0x0000000100000000, 0x0000000100000000)
  eden space 233984K, 0% used [0x00000000ed580000,0x00000000ed580000,0x00000000fba00000)
  from space 11264K, 49% used [0x00000000fba00000,0x00000000fbf7ab68,0x00000000fc500000)
  to   space 10752K, 0% used [0x00000000ff580000,0x00000000ff580000,0x0000000100000000)
 ParOldGen       total 40960K, used 15397K [0x00000000c8000000, 0x00000000ca800000, 0x00000000ed580000)
  object space 40960K, 37% used [0x00000000c8000000,0x00000000c8f09718,0x00000000ca800000)
 Metaspace       used 34708K, capacity 35144K, committed 35496K, reserved 1081344K
  class space    used 3985K, capacity 4086K, committed 4096K, reserved 1048576K
}
Event: 14.210 GC heap before
{Heap before GC invocations=11 (full 2):
 PSYoungGen      total 245248K, used 5610K [0x00000000ed580000, 0x0000000100000000, 0x0000000100000000)
  eden space 233984K, 0% used [0x00000000ed580000,0x00000000ed580000,0x00000000fba00000)
  from space 11264K, 49% used [0x00000000fba00000,0x00000000fbf7ab68,0x00000000fc500000)
  to   space 10752K, 0% used [0x00000000ff580000,0x00000000ff580000,0x0000000100000000)
 ParOldGen       total 40960K, used 15397K [0x00000000c8000000, 0x00000000ca800000, 0x00000000ed580000)
  object space 40960K, 37% used [0x00000000c8000000,0x00000000c8f09718,0x00000000ca800000)
 Metaspace       used 34708K, capacity 35144K, committed 35496K, reserved 1081344K
  class space    used 3985K, capacity 4086K, committed 4096K, reserved 1048576K
Event: 14.346 GC heap after
Heap after GC invocations=11 (full 2):
 PSYoungGen      total 245248K, used 0K [0x00000000ed580000, 0x0000000100000000, 0x0000000100000000)
  eden space 233984K, 0% used [0x00000000ed580000,0x00000000ed580000,0x00000000fba00000)
  from space 11264K, 0% used [0x00000000fba00000,0x00000000fba00000,0x00000000fc500000)
  to   space 10752K, 0% used [0x00000000ff580000,0x00000000ff580000,0x0000000100000000)
 ParOldGen       total 46592K, used 13531K [0x00000000c8000000, 0x00000000cad80000, 0x00000000ed580000)
  object space 46592K, 29% used [0x00000000c8000000,0x00000000c8d36eb8,0x00000000cad80000)
 Metaspace       used 34708K, capacity 35144K, committed 35496K, reserved 1081344K
  class space    used 3985K, capacity 4086K, committed 4096K, reserved 1048576K
}

